\BOOKMARK [0][-]{chapter*.1}{Elenco delle tabelle}{}% 1
\BOOKMARK [0][-]{chapter*.2}{Elenco delle figure}{}% 2
\BOOKMARK [0][-]{chapter*.3}{Elenco delle cose da fare}{}% 3
\BOOKMARK [0][-]{chapter.1}{Numeri Naturali}{}% 4
\BOOKMARK [1][-]{section.1.1}{mcd e mcm}{chapter.1}% 5
\BOOKMARK [0][-]{chapter.2}{Polinomi}{}% 6
\BOOKMARK [1][-]{section.2.1}{Somme}{chapter.2}% 7
\BOOKMARK [1][-]{section.2.2}{Prodotti}{chapter.2}% 8
\BOOKMARK [2][-]{subsection.2.2.1}{Polinomio per polinomio}{section.2.2}% 9
\BOOKMARK [2][-]{subsection.2.2.2}{Quadrato del binomio}{section.2.2}% 10
\BOOKMARK [2][-]{subsection.2.2.3}{Differenza di quadrati}{section.2.2}% 11
\BOOKMARK [2][-]{subsection.2.2.4}{Cubo del Binomio}{section.2.2}% 12
\BOOKMARK [2][-]{subsection.2.2.5}{Quadrato del trinomio}{section.2.2}% 13
\BOOKMARK [1][-]{section.2.3}{Scomposizioni}{chapter.2}% 14
\BOOKMARK [1][-]{section.2.4}{Minimo comune multiplo}{chapter.2}% 15
\BOOKMARK [0][-]{chapter.3}{Divisioni fra polinomi}{}% 16
\BOOKMARK [1][-]{section.3.1}{Divisioni fra monomi}{chapter.3}% 17
\BOOKMARK [1][-]{section.3.2}{Divisione fra polinomi}{chapter.3}% 18
\BOOKMARK [1][-]{section.3.3}{Metodo di Ruffini}{chapter.3}% 19
\BOOKMARK [0][-]{chapter.4}{Frazioni Algebriche}{}% 20
\BOOKMARK [1][-]{section.4.1}{Semplificazione della frazione }{chapter.4}% 21
\BOOKMARK [1][-]{section.4.2}{Riduzione allo stesso indice}{chapter.4}% 22
\BOOKMARK [1][-]{section.4.3}{Somma fra frazioni}{chapter.4}% 23
\BOOKMARK [1][-]{section.4.4}{Prodotto di frazioni}{chapter.4}% 24
\BOOKMARK [1][-]{section.4.5}{Divisione fra frazioni}{chapter.4}% 25
\BOOKMARK [1][-]{section*.31}{Index}{Item.10}% 27
\BOOKMARK [0][-]{Item.10}{Indice analitico}{}% 26
